<?xml version="1.0" encoding="UTF-8"?>
<!-- Generated by org.testng.reporters.JUnitReportReporter -->
<testsuite hostname="DESKTOP-GG0NCO1" failures="0" tests="1" name="fb2.checkagain" time="0.144" errors="0" timestamp="2022-10-08T17:02:59 IST" skipped="0">
  <testcase classname="fb2.checkagain" name="test" time="0.144"/>
  <system-out/>
</testsuite> <!-- fb2.checkagain -->
