<?xml version="1.0" encoding="UTF-8"?>
<!-- Generated by org.testng.reporters.JUnitReportReporter -->
<testsuite hostname="DESKTOP-GG0NCO1" failures="0" tests="5" name="zeroda.testzeroda" time="37.011" errors="0" timestamp="2022-10-04T17:21:00 IST" skipped="0">
  <testcase classname="zeroda.testzeroda" name="test" time="10.852"/>
  <system-out/>
  <testcase classname="zeroda.testzeroda" name="test4" time="8.186"/>
  <system-out/>
  <testcase classname="zeroda.testzeroda" name="test1" time="6.594"/>
  <system-out/>
  <testcase classname="zeroda.testzeroda" name="test2" time="5.780"/>
  <system-out/>
  <testcase classname="zeroda.testzeroda" name="test3" time="5.599"/>
  <system-out/>
</testsuite> <!-- zeroda.testzeroda -->
